<?xml version="1.0" encoding="UTF-8"?>
<testng-results ignored="0" total="4" passed="4" failed="0" skipped="0">
  <reporter-output>
  </reporter-output>
  <suite started-at="2023-02-13T22:29:54 GST" name="Default suite" finished-at="2023-02-13T22:30:12 GST" duration-ms="17842">
    <groups>
    </groups>
    <test started-at="2023-02-13T22:29:54 GST" name="Default test" finished-at="2023-02-13T22:30:12 GST" duration-ms="17842">
      <class name="StepDefinitions.PatchCR">
        <test-method is-config="true" signature="BeforeMethod()[pri:0, instance:StepDefinitions.PatchCR@383bfa16]" started-at="2023-02-13T22:30:05 GST" name="BeforeMethod" finished-at="2023-02-13T22:30:05 GST" duration-ms="3" status="PASS">
          <reporter-output>
          </reporter-output>
        </test-method> <!-- BeforeMethod -->
        <test-method signature="Patch_CR()[pri:0, instance:StepDefinitions.PatchCR@383bfa16]" started-at="2023-02-13T22:30:05 GST" name="Patch_CR" finished-at="2023-02-13T22:30:08 GST" depends-on-methods="StepDefinitions.PutCR.Put_CR" duration-ms="3759" status="PASS">
          <reporter-output>
          </reporter-output>
        </test-method> <!-- Patch_CR -->
        <test-method is-config="true" signature="After_Method()[pri:0, instance:StepDefinitions.PatchCR@383bfa16]" started-at="2023-02-13T22:30:08 GST" name="After_Method" finished-at="2023-02-13T22:30:08 GST" duration-ms="1" status="PASS">
          <reporter-output>
          </reporter-output>
        </test-method> <!-- After_Method -->
      </class> <!-- StepDefinitions.PatchCR -->
      <class name="StepDefinitions.DeleteCR">
        <test-method is-config="true" signature="BeforeMethod()[pri:0, instance:StepDefinitions.DeleteCR@446293d]" started-at="2023-02-13T22:30:08 GST" name="BeforeMethod" finished-at="2023-02-13T22:30:08 GST" duration-ms="0" status="PASS">
          <reporter-output>
          </reporter-output>
        </test-method> <!-- BeforeMethod -->
        <test-method signature="Delete_CR()[pri:0, instance:StepDefinitions.DeleteCR@446293d]" started-at="2023-02-13T22:30:08 GST" name="Delete_CR" finished-at="2023-02-13T22:30:12 GST" depends-on-methods="StepDefinitions.PatchCR.Patch_CR" duration-ms="3950" status="PASS">
          <reporter-output>
          </reporter-output>
        </test-method> <!-- Delete_CR -->
        <test-method is-config="true" signature="After_Method()[pri:0, instance:StepDefinitions.DeleteCR@446293d]" started-at="2023-02-13T22:30:12 GST" name="After_Method" finished-at="2023-02-13T22:30:12 GST" duration-ms="3" status="PASS">
          <reporter-output>
          </reporter-output>
        </test-method> <!-- After_Method -->
      </class> <!-- StepDefinitions.DeleteCR -->
      <class name="StepDefinitions.PostCR">
        <test-method is-config="true" signature="BeforeMethod()[pri:0, instance:StepDefinitions.PostCR@4d465b11]" started-at="2023-02-13T22:29:54 GST" name="BeforeMethod" finished-at="2023-02-13T22:29:55 GST" duration-ms="563" status="PASS">
          <reporter-output>
          </reporter-output>
        </test-method> <!-- BeforeMethod -->
        <test-method signature="Post_CR()[pri:0, instance:StepDefinitions.PostCR@4d465b11]" started-at="2023-02-13T22:29:55 GST" name="Post_CR" finished-at="2023-02-13T22:30:01 GST" duration-ms="5742" status="PASS">
          <reporter-output>
          </reporter-output>
        </test-method> <!-- Post_CR -->
        <test-method is-config="true" signature="After_Method()[pri:0, instance:StepDefinitions.PostCR@4d465b11]" started-at="2023-02-13T22:30:01 GST" name="After_Method" finished-at="2023-02-13T22:30:01 GST" duration-ms="29" status="PASS">
          <reporter-output>
          </reporter-output>
        </test-method> <!-- After_Method -->
      </class> <!-- StepDefinitions.PostCR -->
      <class name="StepDefinitions.PutCR">
        <test-method is-config="true" signature="BeforeMethod()[pri:0, instance:StepDefinitions.PutCR@53fdffa1]" started-at="2023-02-13T22:30:01 GST" name="BeforeMethod" finished-at="2023-02-13T22:30:01 GST" duration-ms="2" status="PASS">
          <reporter-output>
          </reporter-output>
        </test-method> <!-- BeforeMethod -->
        <test-method signature="Put_CR()[pri:0, instance:StepDefinitions.PutCR@53fdffa1]" started-at="2023-02-13T22:30:01 GST" name="Put_CR" finished-at="2023-02-13T22:30:05 GST" depends-on-methods="StepDefinitions.PostCR.Post_CR" duration-ms="3748" status="PASS">
          <reporter-output>
          </reporter-output>
        </test-method> <!-- Put_CR -->
        <test-method is-config="true" signature="After_Method()[pri:0, instance:StepDefinitions.PutCR@53fdffa1]" started-at="2023-02-13T22:30:05 GST" name="After_Method" finished-at="2023-02-13T22:30:05 GST" duration-ms="2" status="PASS">
          <reporter-output>
          </reporter-output>
        </test-method> <!-- After_Method -->
      </class> <!-- StepDefinitions.PutCR -->
    </test> <!-- Default test -->
  </suite> <!-- Default suite -->
</testng-results>
