<?xml version="1.0" encoding="UTF-8"?>
<testng-results ignored="0" total="1" passed="1" failed="0" skipped="0">
  <reporter-output>
  </reporter-output>
  <suite started-at="2023-02-24T22:13:56 GST" name="Default suite" finished-at="2023-02-24T22:14:00 GST" duration-ms="4009">
    <groups>
    </groups>
    <test started-at="2023-02-24T22:13:56 GST" name="Default test" finished-at="2023-02-24T22:14:00 GST" duration-ms="4009">
      <class name="StepDefinitions.accesstoken">
        <test-method signature="getAccessToken()[pri:0, instance:StepDefinitions.accesstoken@49912c99]" started-at="2023-02-24T22:13:56 GST" name="getAccessToken" finished-at="2023-02-24T22:14:00 GST" duration-ms="3948" status="PASS">
          <reporter-output>
          </reporter-output>
        </test-method> <!-- getAccessToken -->
      </class> <!-- StepDefinitions.accesstoken -->
    </test> <!-- Default test -->
  </suite> <!-- Default suite -->
</testng-results>
