<?xml version="1.0" encoding="UTF-8"?>
<!-- Generated by org.testng.reporters.JUnitXMLReporter -->
<testsuite ignored="0" hostname="LAPTOP-5ILGOR0A" failures="0" tests="4" name="Default test" time="17.842" errors="0" timestamp="2023-02-13T22:30:12 GST">
  <testcase classname="StepDefinitions.PostCR" name="Post_CR" time="5.742"/>
  <testcase classname="StepDefinitions.PutCR" name="Put_CR" time="3.748"/>
  <testcase classname="StepDefinitions.PatchCR" name="Patch_CR" time="3.759"/>
  <testcase classname="StepDefinitions.DeleteCR" name="Delete_CR" time="3.95"/>
</testsuite> <!-- Default test -->
